finished: <https://www.stormlin.com/index.html>
finished: <https://www.stormlin.com/generate_204>
finished: <https://www.stormlin.com/manifest.json>
finished: <https://www.stormlin.com/AGF-l7-V4LNBt505ki47qPeqeQmPDPt0g-BUggrZCQ=s88-c-k-c0xffffffff-no-rj-mo.jpeg>
finished: <https://www.stormlin.com/AGF-l790piEw9pYZvh5b31vMXWlxuc8WjEjtSaxbMA=s88-c-k-c0xffffffff-no-rj-mo.jpeg>
finished: <https://www.stormlin.com/AGF-l7_ht7wtN9VkSrW68VWPRYJfLKAF7evWYnhPJQ=s88-c-k-c0xffffffff-no-rj-mo.jpeg>
finished: <https://www.stormlin.com/AGF-l79WgOoiftgixQ1pNXhNYfece1VISvv_93Br0Q=s88-c-k-c0xffffffff-no-rj-mo.jpeg>
finished: <https://www.stormlin.com/AGF-l78Ikm8ZGUiQda18G0qc-Ii-s-n0lHEKHF4Cig=s88-c-k-c0xffffffff-no-rj-mo.jpeg>
finished: <https://www.stormlin.com/AGF-l7999BXZRpa6UpKd3C_9c2X_XB2q7VWGWJSRdw=s88-c-k-c0xffffffff-no-rj-mo.jpeg>
finished: <https://www.stormlin.com/www-onepick-2x-webp-vflsYL2Tr.css>
finished: <https://www.stormlin.com/custom-elements-es5-adapter.js>
finished: <https://www.stormlin.com/YTSans300500700.css>
finished: <https://www.stormlin.com/network.js>
finished: <https://www.stormlin.com/www-main-desktop-home-page-skeleton-2x-webp-vfl4iT_wE.css>
finished: <https://www.stormlin.com/www-prepopulator.js>
finished: <https://www.stormlin.com/AGF-l78ZUMW0KM4dnOc59zFmYHl3WkprG8z5Ec2yvA=s88-c-k-c0xffffffff-no-rj-mo.jpeg>
finished: <https://www.stormlin.com/scheduler.js>
finished: <https://www.stormlin.com/AGF-l79RCyrC4KDiJsEVDLp1ZaXh957DDXmetuIYTA=s88-c-k-c0xffffffff-no-rj-mo.jpeg>
finished: <https://www.stormlin.com/www-tampering.js>
finished: <https://www.stormlin.com/AOn4CLAYaMZtYJKNZ-iFH_0_nFYNJeldWg.webp>
finished: <https://www.stormlin.com/KFOmCnqEu92Fr1Mu4mxK.woff2>
finished: <https://www.stormlin.com/KFOlCnqEu92Fr1MmEU9fBBc4.woff2>
finished: <https://www.stormlin.com/AOn4CLDYlExqgVpS1I3aFpnIuD6WquLo8Q.webp>
finished: <https://www.stormlin.com/spf.js>
finished: <https://www.stormlin.com/AOn4CLAdqN4yIyOZeE9BvV-Ib4itkDhiTw.webp>
finished: <https://www.stormlin.com/web-animations-next-lite.min.js>
finished: <https://www.stormlin.com/AOn4CLD6HobA-QgaYO0ompt44D-5zrlLPA.webp>
finished: <https://www.stormlin.com/AOn4CLBKLuOl4sgxfSYpGDoeaQNn8UO98A.webp>
finished: <https://www.stormlin.com/AOn4CLAjIqYQEEna_-56MkbUtypOkO57oA.webp>
finished: <https://www.stormlin.com/AOn4CLDbdmRJmvTa13ypS-mYAWd1dh065A.webp>
finished: <https://www.stormlin.com/webcomponents-sd.js>
finished: <https://www.stormlin.com/AOn4CLAEzD2ow4QZLXpRmieJF5RTh1Kzsw.webp>
finished: <https://www.stormlin.com/AOn4CLBe-7-H4k-SwJj95fgnUYf0MJk8sA.webp>
finished: <https://www.stormlin.com/AOn4CLAY7KuaTJRAjWKEwSdCmsbqNiCqqw.webp>
finished: <https://www.stormlin.com/desktop_polymer_v2-vflfD_pIA.html>
finished: <https://www.stormlin.com/desktop_polymer_v2.js>
finished: <https://www.stormlin.com/AAuE7mDLeDLwNOlwiEAechJUKDGU-x7uEtMdu1FqTw=s68-c-k-c0x00ffffff-no-rj-mo.jpeg>
finished: <https://www.stormlin.com/AAuE7mCsVAckQlKGAT0mNmcPuy3opYYOUGS4dknrdg=s68-c-k-c0x00ffffff-no-rj-mo.jpeg>
finished: <https://www.stormlin.com/AAuE7mAth8l7rMk7JeWF9icPGpCLjyUDXSW05dJadA=s68-c-k-c0x00ffffff-no-rj-mo.jpeg>
finished: <https://www.stormlin.com/AAuE7mBJXve2DwaUxQpbhUB0pbLC4WUK5N-zVw-xxQ=s68-c-k-c0x00ffffff-no-rj-mo.jpeg>
finished: <https://www.stormlin.com/AAuE7mCCCyzJ2O_17PIk71xrhncmxStxuOjs3Vf6MA=s68-c-k-c0x00ffffff-no-rj-mo.jpeg>
finished: <https://www.stormlin.com/AOn4CLAcgiRm5jQBfZ5w-fsJUaDiov3Gig.webp>
finished: <https://www.stormlin.com/AOn4CLCgG2v66VWtqSI7eYXbT2ERUA6ckA.jpeg>
finished: <https://www.stormlin.com/AAuE7mAmEPHwEVQYq4tJQM8c_ubTvn5_2yc0mjOvUg=s68-c-k-c0x00ffffff-no-rj-mo.jpeg>
finished: <https://www.stormlin.com/AAuE7mAMRYi8wzLV5_qoToyIAMCCYfLcSUcqH5s3MQ=s68-c-k-c0x00ffffff-no-rj-mo.jpeg>
finished: <https://www.stormlin.com/RobotoMono400700.css>
finished: <https://www.stormlin.com/AAuE7mDcBjUgii9mzDlXs-6u7JlDpwTrbtqJ6Kg28g=s68-c-k-c0x00ffffff-no-rj-mo.jpeg>
finished: <https://www.stormlin.com/AAuE7mCE8sKugfXM5m7umho3Jfw_Rc4aMkmBiH-4Jw=s68-c-k-c0x00ffffff-no-rj-mo.jpeg>
finished: <https://www.stormlin.com/AOn4CLD3rgMxCQo6KzVo4TW7Yz-gdjfZSw.webp>
finished: <https://www.stormlin.com/Roboto400300300italic400italic500500italic700700italic.css>
finished: <https://www.stormlin.com/AOn4CLBhQ0wx_mOQ8G79tFfNEGNAj11eLA.jpeg>
finished: <https://www.stormlin.com/AOn4CLAo6G6qJxqWJrM1XPy1bAFz-BBUtg.webp>
finished: <https://www.stormlin.com/AOn4CLCSceF2h_gnW7-KA3bbzv6pGAFPdg.webp>
finished: <https://www.stormlin.com/www-player-2x-webp.css>
finished: <https://www.stormlin.com/base.js>
